#
# A fatal error has been detected by the Java Runtime Environment:
#
#  Internal Error (javaClasses.cpp:129), pid=5336, tid=4596
#  fatal error: Invalid layout of preloaded class
#
# JRE version: 7.0_13-b20
# Java VM: Java HotSpot(TM) Client VM (23.7-b01 mixed mode windows-x86 )
# Failed to write core dump. Minidumps are not enabled by default on client versions of Windows
#
# If you would like to submit a bug report, please visit:
#   http://bugreport.sun.com/bugreport/crash.jsp
#

---------------  T H R E A D  ---------------

Current thread (0x012db000):  JavaThread "Unknown thread" [_thread_in_vm, id=4596, stack(0x01200000,0x01250000)]

Stack: [0x01200000,0x01250000],  sp=0x0124f68c,  free space=317k
Native frames: (J=compiled Java code, j=interpreted, Vv=VM code, C=native code)
V  [jvm.dll+0x16f261]
V  [jvm.dll+0x1693d6]
V  [jvm.dll+0x2079f]
V  [jvm.dll+0x20826]
V  [jvm.dll+0x2e5bd]
V  [jvm.dll+0x2e869]
V  [jvm.dll+0x77ba1]
V  [jvm.dll+0x77f5b]
V  [jvm.dll+0x1290e1]
V  [jvm.dll+0x149b3a]
V  [jvm.dll+0xa98df]
C  [javaw.exe+0x13ca]
C  [javaw.exe+0x1e3c]
C  [javaw.exe+0xa5a1]
C  [javaw.exe+0xa62b]
C  [kernel32.dll+0x51174]  BaseThreadInitThunk+0x12
C  [ntdll.dll+0x5b3f5]  RtlInitializeExceptionChain+0x63
C  [ntdll.dll+0x5b3c8]  RtlInitializeExceptionChain+0x36


---------------  P R O C E S S  ---------------

Java Threads: ( => current thread )

Other Threads:

=>0x012db000 (exited) JavaThread "Unknown thread" [_thread_in_vm, id=4596, stack(0x01200000,0x01250000)]

VM state:not at safepoint (not fully initialized)

VM Mutex/Monitor currently owned by a thread: None

GC Heap History (0 events):
No events

Deoptimization events (0 events):
No events

Internal exceptions (0 events):
No events

Events (10 events):
Event: 0.043 loading class 0x01336490 done
Event: 0.044 loading class 0x012df610 done
Event: 0.044 loading class 0x012df5e8
Event: 0.044 loading class 0x013aaaa8
Event: 0.044 loading class 0x013aaaa8 done
Event: 0.044 loading class 0x013aaae0
Event: 0.044 loading class 0x013aaae0 done
Event: 0.044 loading class 0x013a0dd0
Event: 0.044 loading class 0x013a0dd0 done
Event: 0.044 loading class 0x012df5e8 done


Dynamic libraries:
0x001c0000 - 0x001ef000 	C:\Program Files\Java\jre7\bin\javaw.exe
0x77000000 - 0x7713c000 	C:\Windows\SYSTEM32\ntdll.dll
0x768f0000 - 0x769c4000 	C:\Windows\system32\kernel32.dll
0x752b0000 - 0x752fa000 	C:\Windows\system32\KERNELBASE.dll
0x764c0000 - 0x76560000 	C:\Windows\system32\ADVAPI32.dll
0x76d20000 - 0x76dcc000 	C:\Windows\system32\msvcrt.dll
0x77160000 - 0x77179000 	C:\Windows\SYSTEM32\sechost.dll
0x76250000 - 0x762f1000 	C:\Windows\system32\RPCRT4.dll
0x760a0000 - 0x76169000 	C:\Windows\system32\USER32.dll
0x76200000 - 0x7624e000 	C:\Windows\system32\GDI32.dll
0x768e0000 - 0x768ea000 	C:\Windows\system32\LPK.dll
0x77190000 - 0x7722d000 	C:\Windows\system32\USP10.dll
0x73e60000 - 0x73ffe000 	C:\Windows\WinSxS\x86_microsoft.windows.common-controls_6595b64144ccf1df_6.0.7600.16385_none_421189da2b7fabfc\COMCTL32.dll
0x76dd0000 - 0x76e27000 	C:\Windows\system32\SHLWAPI.dll
0x77140000 - 0x7715f000 	C:\Windows\system32\IMM32.DLL
0x76e30000 - 0x76efc000 	C:\Windows\system32\MSCTF.dll
0x67cd0000 - 0x67d8e000 	C:\Program Files\Java\jre7\bin\msvcr100.dll
0x669d0000 - 0x66d1d000 	C:\Program Files\Java\jre7\bin\client\jvm.dll
0x71130000 - 0x71137000 	C:\Windows\system32\WSOCK32.dll
0x76ce0000 - 0x76d15000 	C:\Windows\system32\WS2_32.dll
0x767c0000 - 0x767c6000 	C:\Windows\system32\NSI.dll
0x73780000 - 0x737b2000 	C:\Windows\system32\WINMM.dll
0x769d0000 - 0x769d5000 	C:\Windows\system32\PSAPI.DLL
0x72e40000 - 0x72e4c000 	C:\Program Files\Java\jre7\bin\verify.dll
0x726d0000 - 0x726f0000 	C:\Program Files\Java\jre7\bin\java.dll
0x72770000 - 0x72783000 	C:\Program Files\Java\jre7\bin\zip.dll
0x713f0000 - 0x714db000 	C:\Windows\system32\dbghelp.dll

VM Arguments:
jvm_args: -Dfile.encoding=Cp1252 -Xbootclasspath:C:\Program Files\Android\android-sdk\platforms\android-17\android.jar 
java_command: com.example.hw9.RecordActivity
Launcher Type: SUN_STANDARD

Environment Variables:
PATH=C:/Program Files/Java/jre7/bin/client;C:/Program Files/Java/jre7/bin;C:/Program Files/Java/jre7/lib/i386;C:\Perl\site\bin;C:\Perl\bin;C:\app\Sachin\product\11.2.0\dbhome_1\bin;C:\Windows\system32;C:\Windows;C:\Windows\System32\Wbem;C:\Windows\System32\WindowsPowerShell\v1.0\;C:\Program Files\MySQL\MySQL Server 5.5\bin;C:\Program Files\java\jdk1.7.0_13\bin;C:\Users\Sachin\Desktop\eclipse;
USERNAME=Sachin
OS=Windows_NT
PROCESSOR_IDENTIFIER=x86 Family 6 Model 58 Stepping 9, GenuineIntel



---------------  S Y S T E M  ---------------

OS: Windows 7 Build 7600 

CPU:total 2 (2 cores per cpu, 1 threads per core) family 6 model 58 stepping 9, cmov, cx8, fxsr, mmx, sse, sse2, sse3, ssse3, sse4.1, sse4.2, popcnt, tsc, tscinvbit, tscinv

Memory: 4k page, physical 2964984k(1067516k free), swap 5928204k(3253708k free)

vm_info: Java HotSpot(TM) Client VM (23.7-b01) for windows-x86 JRE (1.7.0_13-b20), built on Jan 30 2013 10:03:58 by "java_re" with unknown MS VC++:1600

time: Mon Apr 22 15:25:37 2013
elapsed time: 0 seconds

